<?xml version="1.0" encoding="UTF-8"?>
<!-- Generated by org.testng.reporters.JUnitReportReporter -->
<testsuite hostname="DESKTOP-EMD60LA" failures="0" tests="1" name="PolicyBazzar.View_Quotes" time="2.733" errors="0" timestamp="2022-06-07T09:29:15 IST" skipped="0">
  <testcase classname="PolicyBazzar.View_Quotes" name="test" time="2.733"/>
  <system-out/>
</testsuite> <!-- PolicyBazzar.View_Quotes -->
