<?xml version="1.0" encoding="UTF-8"?>
<!-- Generated by org.testng.reporters.JUnitReportReporter -->
<testsuite hostname="DESKTOP-EMD60LA" failures="0" tests="2" name="Flipkart.A_MainPage" time="0.060" errors="0" timestamp="2022-05-31T16:15:44 IST" skipped="0">
  <testcase classname="Flipkart.A_MainPage" name="verifyMainPageTitle" time="0.043"/>
  <system-out/>
  <testcase classname="Flipkart.A_MainPage" name="verifyMainPageURL" time="0.017"/>
  <system-out/>
</testsuite> <!-- Flipkart.A_MainPage -->
