<?xml version="1.0" encoding="UTF-8"?>
<!-- Generated by org.testng.reporters.JUnitReportReporter -->
<testsuite hostname="DESKTOP-EMD60LA" failures="0" tests="2" name="FaceBook.A_Creat_Account" time="0.347" errors="0" timestamp="2022-05-23T12:24:58 IST" skipped="0">
  <testcase classname="FaceBook.A_Creat_Account" name="verifyTitle" time="0.129"/>
  <system-out/>
  <testcase classname="FaceBook.A_Creat_Account" name="verifyURL" time="0.218"/>
  <system-out/>
</testsuite> <!-- FaceBook.A_Creat_Account -->
