<?xml version="1.0" encoding="UTF-8"?>
<!-- Generated by org.testng.reporters.JUnitReportReporter -->
<testsuite hostname="DESKTOP-EMD60LA" failures="0" tests="1" name="PackTestNG.ClassTestNG" time="0.010" errors="0" timestamp="2022-05-19T15:59:40 IST" skipped="0">
  <testcase classname="PackTestNG.ClassTestNG" name="test" time="0.010"/>
  <system-out/>
</testsuite> <!-- PackTestNG.ClassTestNG -->
