<?xml version="1.0" encoding="UTF-8"?>
<!-- Generated by org.testng.reporters.JUnitReportReporter -->
<testsuite hostname="DESKTOP-EMD60LA" failures="0" tests="1" name="A_Amazon_first_page" time="11.388" errors="0" timestamp="2022-05-23T08:37:29 IST" skipped="0">
  <testcase classname="A_Amazon_first_page" name="verifyLoginPage" time="11.388"/>
  <system-out/>
</testsuite> <!-- A_Amazon_first_page -->
