<?xml version="1.0" encoding="UTF-8"?>
<!-- Generated by org.testng.reporters.JUnitReportReporter -->
<testsuite hostname="DESKTOP-EMD60LA" failures="0" tests="1" name="PayTM.A_First_Page" time="7.188" errors="0" timestamp="2022-05-22T17:43:32 IST" skipped="0">
  <testcase classname="PayTM.A_First_Page" name="verifyRechargePage" time="7.188"/>
  <system-out/>
</testsuite> <!-- PayTM.A_First_Page -->
