<?xml version="1.0" encoding="UTF-8"?>
<!-- Generated by org.testng.reporters.JUnitReportReporter -->
<testsuite hostname="DESKTOP-EMD60LA" failures="0" tests="2" name="HRMApplication.A_Recruitment" time="47.190" errors="0" timestamp="2022-05-29T16:01:35 IST" skipped="0">
  <testcase classname="HRMApplication.A_Recruitment" name="test" time="24.094"/>
  <system-out/>
  <testcase classname="HRMApplication.A_Recruitment" name="test" time="23.096"/>
  <system-out/>
</testsuite> <!-- HRMApplication.A_Recruitment -->
