<?xml version="1.0" encoding="UTF-8"?>
<!-- Generated by org.testng.reporters.JUnitReportReporter -->
<testsuite hostname="DESKTOP-EMD60LA" failures="0" tests="2" name="FaceBook.A_LoginPage" time="10.972" errors="0" timestamp="2022-05-24T14:29:34 IST" skipped="0">
  <testcase classname="FaceBook.A_LoginPage" name="verifyLoginTitle" time="7.444"/>
  <system-out/>
  <testcase classname="FaceBook.A_LoginPage" name="VerifyLoginURL" time="3.528"/>
  <system-out/>
</testsuite> <!-- FaceBook.A_LoginPage -->
