<?xml version="1.0" encoding="UTF-8"?>
<!-- Generated by org.testng.reporters.JUnitReportReporter -->
<testsuite hostname="DESKTOP-EMD60LA" failures="0" tests="16" name="PackTestNG.TestAssert_SoftAssert" time="-1653411968.000" errors="1" timestamp="2022-05-24T22:36:40 IST" skipped="15">
  <testcase classname="PackTestNG.TestAssert_SoftAssert" name="testB" time="0.000">
    <skipped/>
  </testcase> <!-- testB -->
  <system-out/>
  <testcase classname="PackTestNG.TestAssert_SoftAssert" name="testA" time="0.000">
    <skipped/>
  </testcase> <!-- testA -->
  <system-out/>
  <testcase classname="PackTestNG.TestAssert_SoftAssert" name="testE" time="0.000">
    <skipped/>
  </testcase> <!-- testE -->
  <system-out/>
  <testcase classname="PackTestNG.TestAssert_SoftAssert" name="test1" time="0.000">
    <skipped/>
  </testcase> <!-- test1 -->
  <system-out/>
  <testcase classname="PackTestNG.TestAssert_SoftAssert" name="testB" time="0.000">
    <skipped/>
  </testcase> <!-- testB -->
  <system-out/>
  <testcase classname="PackTestNG.TestAssert_SoftAssert" name="setBrowser" time="-1653411968.000">
    <error message="
Can inject only one of &lt;ITestContext, XmlTest&gt; into a @BeforeSuite annotated setBrowser.
For more information on native dependency injection please refer to https://testng.org/doc/documentation-main.html#native-dependency-injection" type="org.testng.TestNGException">
      <![CDATA[org.testng.TestNGException: 
Can inject only one of <ITestContext, XmlTest> into a @BeforeSuite annotated setBrowser.
For more information on native dependency injection please refer to https://testng.org/doc/documentation-main.html#native-dependency-injection
at org.testng.internal.Parameters.checkParameterTypes(Parameters.java:439)
at org.testng.internal.Parameters.createParametersForMethod(Parameters.java:353)
at org.testng.internal.Parameters.createParameters(Parameters.java:708)
at org.testng.internal.Parameters.createConfigurationParameters(Parameters.java:168)
at org.testng.internal.ConfigInvoker.invokeConfigurations(ConfigInvoker.java:302)
at org.testng.SuiteRunner.privateRun(SuiteRunner.java:317)
at org.testng.SuiteRunner.run(SuiteRunner.java:276)
at org.testng.SuiteRunnerWorker.runSuite(SuiteRunnerWorker.java:53)
at org.testng.SuiteRunnerWorker.run(SuiteRunnerWorker.java:96)
at org.testng.TestNG.runSuitesSequentially(TestNG.java:1212)
at org.testng.TestNG.runSuitesLocally(TestNG.java:1134)
at org.testng.TestNG.runSuites(TestNG.java:1063)
at org.testng.TestNG.run(TestNG.java:1031)
at org.testng.remote.AbstractRemoteTestNG.run(AbstractRemoteTestNG.java:115)
at org.testng.remote.RemoteTestNG.initAndRun(RemoteTestNG.java:251)
at org.testng.remote.RemoteTestNG.main(RemoteTestNG.java:77)
]]>
    </error>
  </testcase> <!-- setBrowser -->
  <system-out/>
  <testcase classname="PackTestNG.TestAssert_SoftAssert" name="testB" time="0.000">
    <skipped/>
  </testcase> <!-- testB -->
  <system-out/>
  <testcase classname="PackTestNG.TestAssert_SoftAssert" name="test1" time="0.000">
    <skipped/>
  </testcase> <!-- test1 -->
  <system-out/>
  <testcase classname="PackTestNG.TestAssert_SoftAssert" name="testE" time="0.000">
    <skipped/>
  </testcase> <!-- testE -->
  <system-out/>
  <testcase classname="PackTestNG.TestAssert_SoftAssert" name="testD" time="0.000">
    <skipped/>
  </testcase> <!-- testD -->
  <system-out/>
  <testcase classname="PackTestNG.TestAssert_SoftAssert" name="testE" time="0.000">
    <skipped/>
  </testcase> <!-- testE -->
  <system-out/>
  <testcase classname="PackTestNG.TestAssert_SoftAssert" name="testD" time="0.000">
    <skipped/>
  </testcase> <!-- testD -->
  <system-out/>
  <testcase classname="PackTestNG.TestAssert_SoftAssert" name="test1" time="0.000">
    <skipped/>
  </testcase> <!-- test1 -->
  <system-out/>
  <testcase classname="PackTestNG.TestAssert_SoftAssert" name="testA" time="0.000">
    <skipped/>
  </testcase> <!-- testA -->
  <system-out/>
  <testcase classname="PackTestNG.TestAssert_SoftAssert" name="testA" time="0.000">
    <skipped/>
  </testcase> <!-- testA -->
  <system-out/>
  <testcase classname="PackTestNG.TestAssert_SoftAssert" name="testD" time="0.000">
    <skipped/>
  </testcase> <!-- testD -->
  <system-out/>
</testsuite> <!-- PackTestNG.TestAssert_SoftAssert -->
