<?xml version="1.0" encoding="UTF-8"?>
<!-- Generated by org.testng.reporters.JUnitReportReporter -->
<testsuite hostname="DESKTOP-EMD60LA" failures="0" tests="2" name="Flipkart.A_MainPage" time="0.079" errors="0" timestamp="2022-05-23T16:39:36 IST" skipped="0">
  <testcase classname="Flipkart.A_MainPage" name="verifyMainPageURL" time="0.041"/>
  <system-out/>
  <testcase classname="Flipkart.A_MainPage" name="verifyMainPageTitle" time="0.038"/>
  <system-out/>
</testsuite> <!-- Flipkart.A_MainPage -->
