<?xml version="1.0" encoding="UTF-8"?>
<!-- Generated by org.testng.reporters.JUnitReportReporter -->
<testsuite hostname="DESKTOP-EMD60LA" failures="0" tests="1" name="Your_Store.A_Your_Store_FP$A_Amazon_first_page" time="5.548" errors="0" timestamp="2022-05-20T21:41:48 IST" skipped="0">
  <testcase classname="Your_Store.A_Your_Store_FP$A_Amazon_first_page" name="verifyLoginPage" time="5.548"/>
  <system-out/>
</testsuite> <!-- Your_Store.A_Your_Store_FP$A_Amazon_first_page -->
